<?xml version="1.0" encoding="UTF-8"?>
<!-- Generated by org.testng.reporters.JUnitXMLReporter -->
<testsuite ignored="0" hostname="Rohits-MacBook-Air.local" failures="2" tests="2" name="Default test" time="3.883" errors="0" timestamp="2024-12-27T21:38:32 IST">
  <testcase classname="io.cucumber.testng.AbstractTestNGCucumberTests" name="runScenario" time="3.09">
    <failure type="java.lang.NullPointerException" message="Cannot invoke &amp;quot;io.cucumber.cienvironment.internal.com.eclipsesource.json.JsonValue.asString()&amp;quot; because the return value of &amp;quot;io.cucumber.cienvironment.internal.com.eclipsesource.json.JsonObject.get(String)&amp;quot; is null">
      <![CDATA[java.lang.NullPointerException: Cannot invoke "io.cucumber.cienvironment.internal.com.eclipsesource.json.JsonValue.asString()" because the return value of "io.cucumber.cienvironment.internal.com.eclipsesource.json.JsonObject.get(String)" is null
at Hooks.APIStepImplementation.api_response_body_should_contain_parameter_with_value(APIStepImplementation.java:80)
at ✽.API response body should contain parameter "token" with "QpwL5tke4Pnpja7X4"(file:///Users/rohitsharma/eclipse-workspace/user/specs/api/LoginAPI.feature:17)
]]>
    </failure>
  </testcase> <!-- runScenario -->
  <testcase classname="io.cucumber.testng.AbstractTestNGCucumberTests" name="runScenario" time="0.486">
    <failure type="java.lang.NullPointerException" message="Cannot invoke &amp;quot;io.cucumber.cienvironment.internal.com.eclipsesource.json.JsonValue.asString()&amp;quot; because the return value of &amp;quot;io.cucumber.cienvironment.internal.com.eclipsesource.json.JsonObject.get(String)&amp;quot; is null">
      <![CDATA[java.lang.NullPointerException: Cannot invoke "io.cucumber.cienvironment.internal.com.eclipsesource.json.JsonValue.asString()" because the return value of "io.cucumber.cienvironment.internal.com.eclipsesource.json.JsonObject.get(String)" is null
at Hooks.APIStepImplementation.api_response_body_should_contain_parameter_with_value(APIStepImplementation.java:80)
at ✽.API response body should contain parameter "name" with "morpheus"(file:///Users/rohitsharma/eclipse-workspace/user/specs/api/createUserAPI.feature:8)
]]>
    </failure>
  </testcase> <!-- runScenario -->
</testsuite> <!-- Default test -->
