<?xml version="1.0" encoding="UTF-8"?>
<testsuite xmlns:xsi="http://www.w3.org/2001/XMLSchema-instance" xsi:noNamespaceSchemaLocation="https://maven.apache.org/surefire/maven-surefire-plugin/xsd/surefire-test-report.xsd" version="3.0.2" name="runnerClasses.WebRunnerClass" time="9.901" tests="2" errors="0" skipped="0" failures="0">
  <properties>
[...]
</properties>
  <testcase name="runScenario[&quot;Login&quot;, &quot;Login&quot;](1)" classname="runnerClasses.WebRunnerClass" time="3.887">
    <system-out><![CDATA[{
    "email": "eve.holt@reqres.in",
    "password": "cityslicka"
}
https://reqres.in/api/login
{"token":"QpwL5tke4Pnpja7X4"}
QpwL5tke4Pnpja7X4
QpwL5tke4Pnpja7X4
]]></system-out>
    <system-err><![CDATA[SLF4J: Failed to load class "org.slf4j.impl.StaticLoggerBinder".
SLF4J: Defaulting to no-operation (NOP) logger implementation
SLF4J: See http://www.slf4j.org/codes.html#StaticLoggerBinder for further details.
]]></system-err>
  </testcase>
  <testcase name="runScenario[&quot;Createuser&quot;, &quot;Createuser&quot;](2)" classname="runnerClasses.WebRunnerClass" time="0.387">
    <system-out><![CDATA[{
    "name": "morpheus",
    "job": "leader"
}
https://reqres.in/api/users
{"name":"morpheus","job":"leader","id":"277","createdAt":"2024-12-27T17:31:31.063Z"}
morpheus
morpheus
]]></system-out>
  </testcase>
</testsuite>