<?xml version="1.0" encoding="UTF-8"?>
<testng-results ignored="0" total="6" passed="6" failed="0" skipped="0">
  <reporter-output>
  </reporter-output>
  <suite started-at="2024-12-28T00:20:02 IST" name="Surefire suite" finished-at="2024-12-28T00:20:12 IST" duration-ms="9464">
    <groups>
      <group name="cucumber">
        <method signature="AbstractTestNGCucumberTests.runScenario(io.cucumber.testng.PickleWrapper,io.cucumber.testng.FeatureWrapper)[pri:0, instance:runnerClasses.RunnerClass@bef2d72]" name="runScenario" class="io.cucumber.testng.AbstractTestNGCucumberTests"/>
      </group> <!-- cucumber -->
    </groups>
    <test started-at="2024-12-28T00:20:02 IST" name="Surefire test" finished-at="2024-12-28T00:20:12 IST" duration-ms="9464">
      <class name="runnerClasses.RunnerClass">
        <test-method is-config="true" signature="setUpClass(org.testng.ITestContext)[pri:0, instance:runnerClasses.RunnerClass@bef2d72]" started-at="2024-12-28T00:20:02 IST" name="setUpClass" finished-at="2024-12-28T00:20:03 IST" duration-ms="246" status="PASS">
          <params>
            <param index="0">
              <value>
                <![CDATA[org.testng.TestRunner@77c2494c]]>
              </value>
            </param>
          </params>
          <reporter-output>
          </reporter-output>
        </test-method> <!-- setUpClass -->
        <test-method signature="runScenario(io.cucumber.testng.PickleWrapper,io.cucumber.testng.FeatureWrapper)[pri:0, instance:runnerClasses.RunnerClass@bef2d72]" started-at="2024-12-28T00:20:03 IST" name="runScenario" description="Runs Cucumber Scenarios" data-provider="scenarios" finished-at="2024-12-28T00:20:06 IST" duration-ms="3589" status="PASS">
          <params>
            <param index="0">
              <value>
                <![CDATA["Login"]]>
              </value>
            </param>
            <param index="1">
              <value>
                <![CDATA["Login"]]>
              </value>
            </param>
          </params>
          <reporter-output>
          </reporter-output>
        </test-method> <!-- runScenario -->
        <test-method signature="runScenario(io.cucumber.testng.PickleWrapper,io.cucumber.testng.FeatureWrapper)[pri:0, instance:runnerClasses.RunnerClass@bef2d72]" started-at="2024-12-28T00:20:03 IST" name="runScenario" description="Runs Cucumber Scenarios" data-provider="scenarios" finished-at="2024-12-28T00:20:12 IST" duration-ms="9171" status="PASS">
          <params>
            <param index="0">
              <value>
                <![CDATA["login fail"]]>
              </value>
            </param>
            <param index="1">
              <value>
                <![CDATA["Login"]]>
              </value>
            </param>
          </params>
          <reporter-output>
          </reporter-output>
        </test-method> <!-- runScenario -->
        <test-method signature="runScenario(io.cucumber.testng.PickleWrapper,io.cucumber.testng.FeatureWrapper)[pri:0, instance:runnerClasses.RunnerClass@bef2d72]" started-at="2024-12-28T00:20:03 IST" name="runScenario" description="Runs Cucumber Scenarios" data-provider="scenarios" finished-at="2024-12-28T00:20:12 IST" duration-ms="9171" status="PASS">
          <params>
            <param index="0">
              <value>
                <![CDATA["login fail"]]>
              </value>
            </param>
            <param index="1">
              <value>
                <![CDATA["Login"]]>
              </value>
            </param>
          </params>
          <reporter-output>
          </reporter-output>
        </test-method> <!-- runScenario -->
        <test-method signature="runScenario(io.cucumber.testng.PickleWrapper,io.cucumber.testng.FeatureWrapper)[pri:0, instance:runnerClasses.RunnerClass@bef2d72]" started-at="2024-12-28T00:20:03 IST" name="runScenario" description="Runs Cucumber Scenarios" data-provider="scenarios" finished-at="2024-12-28T00:20:12 IST" duration-ms="9171" status="PASS">
          <params>
            <param index="0">
              <value>
                <![CDATA["login in applcation"]]>
              </value>
            </param>
            <param index="1">
              <value>
                <![CDATA["Login"]]>
              </value>
            </param>
          </params>
          <reporter-output>
          </reporter-output>
        </test-method> <!-- runScenario -->
        <test-method signature="runScenario(io.cucumber.testng.PickleWrapper,io.cucumber.testng.FeatureWrapper)[pri:0, instance:runnerClasses.RunnerClass@bef2d72]" started-at="2024-12-28T00:20:03 IST" name="runScenario" description="Runs Cucumber Scenarios" data-provider="scenarios" finished-at="2024-12-28T00:20:06 IST" duration-ms="3578" status="PASS">
          <params>
            <param index="0">
              <value>
                <![CDATA["Createuser"]]>
              </value>
            </param>
            <param index="1">
              <value>
                <![CDATA["Createuser"]]>
              </value>
            </param>
          </params>
          <reporter-output>
          </reporter-output>
        </test-method> <!-- runScenario -->
        <test-method signature="runScenario(io.cucumber.testng.PickleWrapper,io.cucumber.testng.FeatureWrapper)[pri:0, instance:runnerClasses.RunnerClass@bef2d72]" started-at="2024-12-28T00:20:03 IST" name="runScenario" description="Runs Cucumber Scenarios" data-provider="scenarios" finished-at="2024-12-28T00:20:12 IST" duration-ms="9171" status="PASS">
          <params>
            <param index="0">
              <value>
                <![CDATA["login in applcation"]]>
              </value>
            </param>
            <param index="1">
              <value>
                <![CDATA["Login"]]>
              </value>
            </param>
          </params>
          <reporter-output>
          </reporter-output>
        </test-method> <!-- runScenario -->
        <test-method is-config="true" signature="tearDownClass()[pri:0, instance:runnerClasses.RunnerClass@bef2d72]" started-at="2024-12-28T00:20:12 IST" name="tearDownClass" finished-at="2024-12-28T00:20:12 IST" duration-ms="32" status="PASS">
          <reporter-output>
          </reporter-output>
        </test-method> <!-- tearDownClass -->
      </class> <!-- runnerClasses.RunnerClass -->
    </test> <!-- Surefire test -->
  </suite> <!-- Surefire suite -->
</testng-results>
