<?xml version="1.0" encoding="UTF-8"?>
<testng-results ignored="0" total="2" passed="0" failed="2" skipped="0">
  <reporter-output>
  </reporter-output>
  <suite started-at="2024-12-27T21:38:24 IST" name="Default suite" finished-at="2024-12-27T21:38:27 IST" duration-ms="3883">
    <groups>
      <group name="cucumber">
        <method signature="AbstractTestNGCucumberTests.runScenario(io.cucumber.testng.PickleWrapper,io.cucumber.testng.FeatureWrapper)[pri:0, instance:runnerClasses.WebRunnerClass@fa4c865]" name="runScenario" class="io.cucumber.testng.AbstractTestNGCucumberTests"/>
      </group> <!-- cucumber -->
    </groups>
    <test started-at="2024-12-27T21:38:24 IST" name="Default test" finished-at="2024-12-27T21:38:27 IST" duration-ms="3883">
      <class name="runnerClasses.WebRunnerClass">
        <test-method is-config="true" signature="setUpClass(org.testng.ITestContext)[pri:0, instance:runnerClasses.WebRunnerClass@fa4c865]" started-at="2024-12-27T21:38:24 IST" name="setUpClass" finished-at="2024-12-27T21:38:24 IST" duration-ms="243" status="PASS">
          <params>
            <param index="0">
              <value>
                <![CDATA[org.testng.TestRunner@55ea2d70]]>
              </value>
            </param>
          </params>
          <reporter-output>
          </reporter-output>
        </test-method> <!-- setUpClass -->
        <test-method signature="runScenario(io.cucumber.testng.PickleWrapper,io.cucumber.testng.FeatureWrapper)[pri:0, instance:runnerClasses.WebRunnerClass@fa4c865]" started-at="2024-12-27T21:38:24 IST" name="runScenario" description="Runs Cucumber Scenarios" data-provider="scenarios" finished-at="2024-12-27T21:38:27 IST" duration-ms="3090" status="FAIL">
          <params>
            <param index="0">
              <value>
                <![CDATA["Login"]]>
              </value>
            </param>
            <param index="1">
              <value>
                <![CDATA["Login"]]>
              </value>
            </param>
          </params>
          <exception class="java.lang.NullPointerException">
            <message>
              <![CDATA[Cannot invoke "io.cucumber.cienvironment.internal.com.eclipsesource.json.JsonValue.asString()" because the return value of "io.cucumber.cienvironment.internal.com.eclipsesource.json.JsonObject.get(String)" is null]]>
            </message>
            <full-stacktrace>
              <![CDATA[java.lang.NullPointerException: Cannot invoke "io.cucumber.cienvironment.internal.com.eclipsesource.json.JsonValue.asString()" because the return value of "io.cucumber.cienvironment.internal.com.eclipsesource.json.JsonObject.get(String)" is null
at Hooks.APIStepImplementation.api_response_body_should_contain_parameter_with_value(APIStepImplementation.java:80)
at ✽.API response body should contain parameter "token" with "QpwL5tke4Pnpja7X4"(file:///Users/rohitsharma/eclipse-workspace/user/specs/api/LoginAPI.feature:17)
]]>
            </full-stacktrace>
          </exception> <!-- java.lang.NullPointerException -->
          <reporter-output>
          </reporter-output>
        </test-method> <!-- runScenario -->
        <test-method signature="runScenario(io.cucumber.testng.PickleWrapper,io.cucumber.testng.FeatureWrapper)[pri:0, instance:runnerClasses.WebRunnerClass@fa4c865]" started-at="2024-12-27T21:38:27 IST" name="runScenario" description="Runs Cucumber Scenarios" data-provider="scenarios" finished-at="2024-12-27T21:38:27 IST" duration-ms="486" status="FAIL">
          <params>
            <param index="0">
              <value>
                <![CDATA["Createuser"]]>
              </value>
            </param>
            <param index="1">
              <value>
                <![CDATA["Createuser"]]>
              </value>
            </param>
          </params>
          <exception class="java.lang.NullPointerException">
            <message>
              <![CDATA[Cannot invoke "io.cucumber.cienvironment.internal.com.eclipsesource.json.JsonValue.asString()" because the return value of "io.cucumber.cienvironment.internal.com.eclipsesource.json.JsonObject.get(String)" is null]]>
            </message>
            <full-stacktrace>
              <![CDATA[java.lang.NullPointerException: Cannot invoke "io.cucumber.cienvironment.internal.com.eclipsesource.json.JsonValue.asString()" because the return value of "io.cucumber.cienvironment.internal.com.eclipsesource.json.JsonObject.get(String)" is null
at Hooks.APIStepImplementation.api_response_body_should_contain_parameter_with_value(APIStepImplementation.java:80)
at ✽.API response body should contain parameter "name" with "morpheus"(file:///Users/rohitsharma/eclipse-workspace/user/specs/api/createUserAPI.feature:8)
]]>
            </full-stacktrace>
          </exception> <!-- java.lang.NullPointerException -->
          <reporter-output>
          </reporter-output>
        </test-method> <!-- runScenario -->
        <test-method is-config="true" signature="tearDownClass()[pri:0, instance:runnerClasses.WebRunnerClass@fa4c865]" started-at="2024-12-27T21:38:27 IST" name="tearDownClass" finished-at="2024-12-27T21:38:27 IST" duration-ms="37" status="PASS">
          <reporter-output>
          </reporter-output>
        </test-method> <!-- tearDownClass -->
      </class> <!-- runnerClasses.WebRunnerClass -->
    </test> <!-- Default test -->
  </suite> <!-- Default suite -->
</testng-results>
